31/10/2012 21:43:36 [ICHttp 0114A570] HTTP request seems to be malformed
31/10/2012 21:43:36 [ICHttp 0114A570] HTTP request seems to be malformed
31/10/2012 21:43:36 [ICHttp 0114A570] HTTP request seems to be malformed
31/10/2012 21:43:36 [ICHttp 0114A570] HTTP request seems to be malformed
31/10/2012 21:43:36 [ICHttp 0114A570] HTTP request seems to be malformed
31/10/2012 21:43:36 [ICHttp 0114A570] HTTP request seems to be malformed
31/10/2012 21:43:36 [ICHttp 0114A570] HTTP request seems to be malformed
31/10/2012 21:43:37 [ICHttp 0114A570] HTTP request seems to be malformed
31/10/2012 21:43:37 [ICHttp 0114A570] HTTP request seems to be malformed
31/10/2012 21:43:37 [ICHttp 0114A570] HTTP request seems to be malformed
31/10/2012 21:43:37 [ICHttp 0114A570] HTTP request seems to be malformed
31/10/2012 21:43:37 [ICHttp 0114A570] HTTP request seems to be malformed
31/10/2012 21:43:37 [ICHttp 0114A570] HTTP request seems to be malformed
31/10/2012 21:43:37 [ICHttp 0114A570] HTTP request seems to be malformed
31/10/2012 21:43:38 [ICHttp 0114A570] HTTP request seems to be malformed
31/10/2012 21:43:38 [ICHttp 0114A570] HTTP request seems to be malformed
31/10/2012 21:43:38 [ICHttp 0114A570] HTTP request seems to be malformed
31/10/2012 21:43:38 [ICHttp 0114A570] HTTP request seems to be malformed
31/10/2012 21:43:38 [ICHttp 0114A570] HTTP request seems to be malformed
31/10/2012 21:43:38 [ICHttp 0114A570] HTTP request seems to be malformed
31/10/2012 21:43:38 [ICHttp 0114A570] HTTP request seems to be malformed
31/10/2012 21:43:38 [ICHttp 0114A570] HTTP request seems to be malformed
31/10/2012 21:43:39 [ICHttp 0114A570] HTTP request seems to be malformed
31/10/2012 21:43:39 [ICHttp 0114A570] HTTP request seems to be malformed
31/10/2012 21:43:39 [ICHttp 0114A570] HTTP request seems to be malformed
31/10/2012 21:43:39 [ICHttp 0114A570] HTTP request seems to be malformed
31/10/2012 21:43:49 [ICHttp 0114A570] HTTP request seems to be malformed
31/10/2012 21:43:49 [ICHttp 0114A570] HTTP request seems to be malformed
31/10/2012 21:43:49 [ICHttp 0114A570] HTTP request seems to be malformed
31/10/2012 21:43:49 [ICHttp 0114A570] HTTP request seems to be malformed
31/10/2012 21:43:49 [ICHttp 0114A570] HTTP request seems to be malformed
31/10/2012 21:43:50 [ICHttp 0114A570] HTTP request seems to be malformed
31/10/2012 21:43:50 [ICHttp 0114A570] HTTP request seems to be malformed
31/10/2012 21:43:50 [ICHttp 0114A570] HTTP request seems to be malformed
31/10/2012 21:43:50 [ICHttp 0114A570] HTTP request seems to be malformed
31/10/2012 21:43:50 [ICHttp 0114A570] HTTP request seems to be malformed
31/10/2012 21:43:50 [ICHttp 0114A570] HTTP request seems to be malformed
31/10/2012 21:43:50 [ICHttp 0114A570] HTTP request seems to be malformed
31/10/2012 21:43:50 [ICHttp 0114A570] HTTP request seems to be malformed
31/10/2012 21:43:51 [ICHttp 0114A570] HTTP request seems to be malformed
31/10/2012 21:43:51 [ICHttp 0114A570] HTTP request seems to be malformed
31/10/2012 21:43:51 [ICHttp 0114A570] HTTP request seems to be malformed
31/10/2012 21:43:51 [ICHttp 0114A570] HTTP request seems to be malformed
31/10/2012 21:43:51 [ICHttp 0114A570] HTTP request seems to be malformed
31/10/2012 21:43:51 [ICHttp 0114A570] HTTP request seems to be malformed
31/10/2012 21:43:51 [ICHttp 0114A570] HTTP request seems to be malformed
31/10/2012 21:43:52 [ICHttp 0114A570] HTTP request seems to be malformed
31/10/2012 21:43:52 [ICHttp 0114A570] HTTP request seems to be malformed
31/10/2012 21:43:52 [ICHttp 0114A570] HTTP request seems to be malformed
31/10/2012 21:43:52 [ICHttp 0114A570] HTTP request seems to be malformed
31/10/2012 21:43:52 [ICHttp 0114A570] HTTP request seems to be malformed
31/10/2012 21:43:52 [ICHttp 0114A570] HTTP request seems to be malformed
31/10/2012 21:43:52 [ICHttp 0114A570] HTTP request seems to be malformed
31/10/2012 21:43:52 [ICHttp 0114A570] HTTP request seems to be malformed
31/10/2012 21:43:52 [ICHttp 0114A570] HTTP request seems to be malformed
31/10/2012 21:43:53 [ICHttp 0114A570] HTTP request seems to be malformed
31/10/2012 21:43:53 [ICHttp 0114A570] HTTP request seems to be malformed
31/10/2012 21:43:53 [ICHttp 0114A570] HTTP request seems to be malformed
31/10/2012 21:43:53 [ICHttp 0114A570] HTTP request seems to be malformed
31/10/2012 21:43:53 [ICHttp 0114A570] HTTP request seems to be malformed
31/10/2012 21:43:53 [ICHttp 0114A570] HTTP request seems to be malformed
31/10/2012 21:43:53 [ICHttp 0114A570] HTTP request seems to be malformed
31/10/2012 21:43:53 [ICHttp 0114A570] HTTP request seems to be malformed
31/10/2012 21:43:53 [ICHttp 0114A570] HTTP request seems to be malformed
31/10/2012 21:43:54 [ICHttp 0114A570] HTTP request seems to be malformed
31/10/2012 21:43:54 [ICHttp 0114A570] HTTP request seems to be malformed
31/10/2012 21:43:54 [ICHttp 0114A570] HTTP request seems to be malformed
31/10/2012 21:43:54 [ICHttp 0114A570] HTTP request seems to be malformed
31/10/2012 21:43:54 [ICHttp 0114A570] HTTP request seems to be malformed
31/10/2012 21:43:54 [ICHttp 0114A570] HTTP request seems to be malformed
31/10/2012 21:43:54 [ICHttp 0114A570] HTTP request seems to be malformed
31/10/2012 21:43:54 [ICHttp 0114A570] HTTP request seems to be malformed
31/10/2012 21:43:55 [ICHttp 0114A570] HTTP request seems to be malformed
31/10/2012 21:43:55 [ICHttp 0114A570] HTTP request seems to be malformed
31/10/2012 21:43:55 [ICHttp 0114A570] HTTP request seems to be malformed
31/10/2012 21:43:55 [ICHttp 0114A570] HTTP request seems to be malformed
31/10/2012 21:43:55 [ICHttp 0114A570] HTTP request seems to be malformed
31/10/2012 21:43:55 [ICHttp 0114A570] HTTP request seems to be malformed
31/10/2012 21:43:55 [ICHttp 0114A570] HTTP request seems to be malformed
31/10/2012 21:43:55 [ICHttp 0114A570] HTTP request seems to be malformed
31/10/2012 21:43:55 [ICHttp 0114A570] HTTP request seems to be malformed
31/10/2012 21:43:55 [ICHttp 0114A570] HTTP request seems to be malformed
31/10/2012 21:43:56 [ICHttp 0114A570] HTTP request seems to be malformed
31/10/2012 21:43:56 [ICHttp 0114A570] HTTP request seems to be malformed
31/10/2012 21:43:56 [ICHttp 0114A570] HTTP request seems to be malformed
31/10/2012 21:43:56 [ICHttp 0114A570] HTTP request seems to be malformed
31/10/2012 21:43:56 [ICHttp 0114A570] HTTP request seems to be malformed
31/10/2012 21:43:56 [ICHttp 0114A570] HTTP request seems to be malformed
31/10/2012 21:43:56 [ICHttp 0114A570] HTTP request seems to be malformed
31/10/2012 21:43:56 [ICHttp 0114A570] HTTP request seems to be malformed
31/10/2012 21:43:56 [ICHttp 0114A570] HTTP request seems to be malformed
31/10/2012 21:43:57 [ICHttp 0114A570] HTTP request seems to be malformed
31/10/2012 21:43:57 [ICHttp 0114A570] HTTP request seems to be malformed
31/10/2012 21:43:57 [ICHttp 0114A570] HTTP request seems to be malformed
31/10/2012 21:43:57 [ICHttp 0114A570] HTTP request seems to be malformed
31/10/2012 21:43:57 [ICHttp 0114A570] HTTP request seems to be malformed
31/10/2012 21:43:57 [ICHttp 0114A570] HTTP request seems to be malformed
31/10/2012 21:43:57 [ICHttp 0114A570] HTTP request seems to be malformed
31/10/2012 21:43:57 [ICHttp 0114A570] HTTP request seems to be malformed
31/10/2012 21:43:58 [ICHttp 0114A570] HTTP request seems to be malformed
31/10/2012 21:43:58 [ICHttp 0114A570] HTTP request seems to be malformed
31/10/2012 21:43:58 [ICHttp 0114A570] HTTP request seems to be malformed
31/10/2012 21:43:58 [ICHttp 0114A570] HTTP request seems to be malformed
31/10/2012 21:43:58 [ICHttp 0114A570] HTTP request seems to be malformed
31/10/2012 21:43:58 [ICHttp 0114A570] HTTP request seems to be malformed
31/10/2012 21:43:58 [ICHttp 0114A570] HTTP request seems to be malformed
31/10/2012 21:43:58 [ICHttp 0114A570] HTTP request seems to be malformed
31/10/2012 21:43:58 [ICHttp 0114A570] HTTP request seems to be malformed
31/10/2012 21:43:59 [ICHttp 0114A570] HTTP request seems to be malformed
31/10/2012 21:43:59 [ICHttp 0114A570] HTTP request seems to be malformed
31/10/2012 21:43:59 [ICHttp 0114A570] HTTP request seems to be malformed
31/10/2012 21:43:59 [ICHttp 0114A570] HTTP request seems to be malformed
31/10/2012 21:43:59 [ICHttp 0114A570] HTTP request seems to be malformed
31/10/2012 21:43:59 [ICHttp 0114A570] HTTP request seems to be malformed
31/10/2012 21:43:59 [ICHttp 0114A570] HTTP request seems to be malformed
31/10/2012 21:43:59 [ICHttp 0114A570] HTTP request seems to be malformed
31/10/2012 21:43:59 [ICHttp 0114A570] HTTP request seems to be malformed
31/10/2012 21:44:00 [ICHttp 0114A570] HTTP request seems to be malformed
31/10/2012 21:44:00 [ICHttp 0114A570] HTTP request seems to be malformed
31/10/2012 21:44:00 [ICHttp 0114A570] HTTP request seems to be malformed
31/10/2012 21:44:00 [ICHttp 0114A570] HTTP request seems to be malformed
31/10/2012 21:44:00 [ICHttp 0114A570] HTTP request seems to be malformed
31/10/2012 21:44:00 [ICHttp 0114A570] HTTP request seems to be malformed
31/10/2012 21:44:00 [ICHttp 0114A570] HTTP request seems to be malformed
31/10/2012 21:44:00 [ICHttp 0114A570] HTTP request seems to be malformed
31/10/2012 21:44:01 [ICHttp 0114A570] HTTP request seems to be malformed
31/10/2012 21:44:01 [ICHttp 0114A570] HTTP request seems to be malformed
31/10/2012 21:44:01 [ICHttp 0114A570] HTTP request seems to be malformed
31/10/2012 21:44:01 [ICHttp 0114A570] HTTP request seems to be malformed
31/10/2012 21:44:01 [ICHttp 0114A570] HTTP request seems to be malformed
31/10/2012 21:44:01 [ICHttp 0114A570] HTTP request seems to be malformed
31/10/2012 21:44:01 [ICHttp 0114A570] HTTP request seems to be malformed
31/10/2012 21:44:01 [ICHttp 0114A570] HTTP request seems to be malformed
31/10/2012 21:44:01 [ICHttp 0114A570] HTTP request seems to be malformed
31/10/2012 21:44:02 [ICHttp 0114A570] HTTP request seems to be malformed
31/10/2012 21:44:02 [ICHttp 0114A570] HTTP request seems to be malformed
31/10/2012 21:44:02 [ICHttp 0114A570] HTTP request seems to be malformed
31/10/2012 21:44:02 [ICHttp 0114A570] HTTP request seems to be malformed
31/10/2012 21:44:02 [ICHttp 0114A570] HTTP request seems to be malformed
31/10/2012 21:44:02 [ICHttp 0114A570] HTTP request seems to be malformed
31/10/2012 21:44:02 [ICHttp 0114A570] HTTP request seems to be malformed
31/10/2012 21:44:02 [ICHttp 0114A570] HTTP request seems to be malformed
31/10/2012 21:44:02 [ICHttp 0114A570] HTTP request seems to be malformed
31/10/2012 21:44:03 [ICHttp 0114A570] HTTP request seems to be malformed
31/10/2012 21:44:03 [ICHttp 0114A570] HTTP request seems to be malformed
31/10/2012 21:44:03 [ICHttp 0114A570] HTTP request seems to be malformed
31/10/2012 21:44:03 [ICHttp 0114A570] HTTP request seems to be malformed
31/10/2012 21:44:03 [ICHttp 0114A570] HTTP request seems to be malformed
31/10/2012 21:44:03 [ICHttp 0114A570] HTTP request seems to be malformed
31/10/2012 21:44:03 [ICHttp 0114A570] HTTP request seems to be malformed
31/10/2012 21:44:03 [ICHttp 0114A570] HTTP request seems to be malformed
31/10/2012 21:44:04 [ICHttp 0114A570] HTTP request seems to be malformed
31/10/2012 21:44:04 [ICHttp 0114A570] HTTP request seems to be malformed
31/10/2012 21:44:04 [ICHttp 0114A570] HTTP request seems to be malformed
31/10/2012 21:44:04 [ICHttp 0114A570] HTTP request seems to be malformed
31/10/2012 21:44:04 [ICHttp 0114A570] HTTP request seems to be malformed
31/10/2012 21:44:04 [ICHttp 0114A570] HTTP request seems to be malformed
31/10/2012 21:44:04 [ICHttp 0114A570] HTTP request seems to be malformed
31/10/2012 21:44:04 [ICHttp 0114A570] HTTP request seems to be malformed
31/10/2012 21:44:05 [ICHttp 0114A570] HTTP request seems to be malformed
31/10/2012 21:44:05 [ICHttp 0114A570] HTTP request seems to be malformed
31/10/2012 21:44:05 [ICHttp 0114A570] HTTP request seems to be malformed
31/10/2012 21:44:05 [ICHttp 0114A570] HTTP request seems to be malformed
31/10/2012 21:44:05 [ICHttp 0114A570] HTTP request seems to be malformed
31/10/2012 21:44:05 [ICHttp 0114A570] HTTP request seems to be malformed
31/10/2012 21:44:05 [ICHttp 0114A570] HTTP request seems to be malformed
31/10/2012 21:44:05 [ICHttp 0114A570] HTTP request seems to be malformed
31/10/2012 21:44:05 [ICHttp 0114A570] HTTP request seems to be malformed
31/10/2012 21:44:06 [ICHttp 0114A570] HTTP request seems to be malformed
31/10/2012 21:44:06 [ICHttp 0114A570] HTTP request seems to be malformed
31/10/2012 21:44:06 [ICHttp 0114A570] HTTP request seems to be malformed
31/10/2012 21:44:06 [ICHttp 0114A570] HTTP request seems to be malformed
31/10/2012 21:44:06 [ICHttp 0114A570] HTTP request seems to be malformed
31/10/2012 21:44:06 [ICHttp 0114A570] HTTP request seems to be malformed
31/10/2012 21:44:06 [ICHttp 0114A570] HTTP request seems to be malformed
31/10/2012 21:44:06 [ICHttp 0114A570] HTTP request seems to be malformed
31/10/2012 21:44:06 [ICHttp 0114A570] HTTP request seems to be malformed
31/10/2012 21:44:06 [ICHttp 0114A570] HTTP request seems to be malformed
31/10/2012 21:44:07 [ICHttp 0114A570] HTTP request seems to be malformed
31/10/2012 21:44:07 [ICHttp 0114A570] HTTP request seems to be malformed
31/10/2012 21:44:07 [ICHttp 0114A570] HTTP request seems to be malformed
31/10/2012 21:44:07 [ICHttp 0114A570] HTTP request seems to be malformed
31/10/2012 21:44:07 [ICHttp 0114A570] HTTP request seems to be malformed
31/10/2012 21:44:07 [ICHttp 0114A570] HTTP request seems to be malformed
31/10/2012 21:44:07 [ICHttp 0114A570] HTTP request seems to be malformed
31/10/2012 21:44:07 [ICHttp 0114A570] HTTP request seems to be malformed
31/10/2012 21:44:07 [ICHttp 0114A570] HTTP request seems to be malformed
31/10/2012 21:44:08 [ICHttp 0114A570] HTTP request seems to be malformed
31/10/2012 21:44:08 [ICHttp 0114A570] HTTP request seems to be malformed
31/10/2012 21:44:08 [ICHttp 0114A570] HTTP request seems to be malformed
31/10/2012 21:44:08 [ICHttp 0114A570] HTTP request seems to be malformed
31/10/2012 21:44:08 [ICHttp 0114A570] HTTP request seems to be malformed
31/10/2012 21:44:08 [ICHttp 0114A570] HTTP request seems to be malformed
31/10/2012 21:44:08 [ICHttp 0114A570] HTTP request seems to be malformed
31/10/2012 21:44:08 [ICHttp 0114A570] HTTP request seems to be malformed
31/10/2012 21:44:08 [ICHttp 0114A570] HTTP request seems to be malformed
31/10/2012 21:44:09 [ICHttp 0114A570] HTTP request seems to be malformed
31/10/2012 21:44:09 [ICHttp 0114A570] HTTP request seems to be malformed
31/10/2012 21:44:09 [ICHttp 0114A570] HTTP request seems to be malformed
31/10/2012 21:44:09 [ICHttp 0114A570] HTTP request seems to be malformed
31/10/2012 21:44:09 [ICHttp 0114A570] HTTP request seems to be malformed
31/10/2012 21:44:09 [ICHttp 0114A570] HTTP request seems to be malformed
31/10/2012 21:44:09 [ICHttp 0114A570] HTTP request seems to be malformed
31/10/2012 21:44:10 [ICHttp 0114A570] HTTP request seems to be malformed
31/10/2012 21:44:10 [ICHttp 0114A570] HTTP request seems to be malformed
31/10/2012 21:44:10 [ICHttp 0114A570] HTTP request seems to be malformed
31/10/2012 21:44:10 [ICHttp 0114A570] HTTP request seems to be malformed
31/10/2012 21:44:10 [ICHttp 0114A570] HTTP request seems to be malformed
31/10/2012 21:44:10 [ICHttp 0114A570] HTTP request seems to be malformed
31/10/2012 21:44:10 [ICHttp 0114A570] HTTP request seems to be malformed
31/10/2012 21:44:10 [ICHttp 0114A570] HTTP request seems to be malformed
31/10/2012 21:44:10 [ICHttp 0114A570] HTTP request seems to be malformed
31/10/2012 21:44:11 [ICHttp 0114A570] HTTP request seems to be malformed
31/10/2012 21:44:11 [ICHttp 0114A570] HTTP request seems to be malformed
31/10/2012 21:44:11 [ICHttp 0114A570] HTTP request seems to be malformed
31/10/2012 21:44:11 [ICHttp 0114A570] HTTP request seems to be malformed
31/10/2012 21:44:11 [ICHttp 0114A570] HTTP request seems to be malformed
31/10/2012 21:44:11 [ICHttp 0114A570] HTTP request seems to be malformed
31/10/2012 21:44:11 [ICHttp 0114A570] HTTP request seems to be malformed
31/10/2012 21:44:11 [ICHttp 0114A570] HTTP request seems to be malformed
31/10/2012 21:44:12 [ICHttp 0114A570] HTTP request seems to be malformed
31/10/2012 21:44:12 [ICHttp 0114A570] HTTP request seems to be malformed
31/10/2012 21:44:12 [ICHttp 0114A570] HTTP request seems to be malformed
31/10/2012 21:44:12 [ICHttp 0114A570] HTTP request seems to be malformed
31/10/2012 21:44:12 [ICHttp 0114A570] HTTP request seems to be malformed
31/10/2012 21:44:12 [ICHttp 0114A570] HTTP request seems to be malformed
31/10/2012 21:44:12 [ICHttp 0114A570] HTTP request seems to be malformed
31/10/2012 21:44:12 [ICHttp 0114A570] HTTP request seems to be malformed
31/10/2012 21:44:12 [ICHttp 0114A570] HTTP request seems to be malformed
31/10/2012 21:44:13 [ICHttp 0114A570] HTTP request seems to be malformed
31/10/2012 21:44:13 [ICHttp 0114A570] HTTP request seems to be malformed
31/10/2012 21:44:13 [ICHttp 0114A570] HTTP request seems to be malformed
31/10/2012 21:44:13 [ICHttp 0114A570] HTTP request seems to be malformed
31/10/2012 21:44:13 [ICHttp 0114A570] HTTP request seems to be malformed
31/10/2012 21:44:13 [ICHttp 0114A570] HTTP request seems to be malformed
31/10/2012 21:44:13 [ICHttp 0114A570] HTTP request seems to be malformed
31/10/2012 21:44:13 [ICHttp 0114A570] HTTP request seems to be malformed
31/10/2012 21:44:14 [ICHttp 0114A570] HTTP request seems to be malformed
31/10/2012 21:44:14 [ICHttp 0114A570] HTTP request seems to be malformed
31/10/2012 21:44:14 [ICHttp 0114A570] HTTP request seems to be malformed
31/10/2012 21:44:14 [ICHttp 0114A570] HTTP request seems to be malformed
31/10/2012 21:44:14 [ICHttp 0114A570] HTTP request seems to be malformed
31/10/2012 21:44:14 [ICHttp 0114A570] HTTP request seems to be malformed
31/10/2012 21:44:14 [ICHttp 0114A570] HTTP request seems to be malformed
31/10/2012 21:44:14 [ICHttp 0114A570] HTTP request seems to be malformed
31/10/2012 21:44:15 [ICHttp 0114A570] HTTP request seems to be malformed
31/10/2012 21:44:15 [ICHttp 0114A570] HTTP request seems to be malformed
31/10/2012 21:44:15 [ICHttp 0114A570] HTTP request seems to be malformed
31/10/2012 21:44:15 [ICHttp 0114A570] HTTP request seems to be malformed
31/10/2012 21:44:15 [ICHttp 0114A570] HTTP request seems to be malformed
31/10/2012 21:44:15 [ICHttp 0114A570] HTTP request seems to be malformed
31/10/2012 21:44:15 [ICHttp 0114A570] HTTP request seems to be malformed
31/10/2012 21:44:15 [ICHttp 0114A570] HTTP request seems to be malformed
31/10/2012 21:44:16 [ICHttp 0114A570] HTTP request seems to be malformed
31/10/2012 21:44:16 [ICHttp 0114A570] HTTP request seems to be malformed
31/10/2012 21:44:16 [ICHttp 0114A570] HTTP request seems to be malformed
31/10/2012 21:44:16 [ICHttp 0114A570] HTTP request seems to be malformed
31/10/2012 21:44:16 [ICHttp 0114A570] HTTP request seems to be malformed
31/10/2012 21:44:16 [ICHttp 0114A570] HTTP request seems to be malformed
31/10/2012 21:44:16 [ICHttp 0114A570] HTTP request seems to be malformed
31/10/2012 21:44:16 [ICHttp 0114A570] HTTP request seems to be malformed
31/10/2012 21:44:16 [ICHttp 0114A570] HTTP request seems to be malformed
31/10/2012 21:44:17 [ICHttp 0114A570] HTTP request seems to be malformed
31/10/2012 21:44:17 [ICHttp 0114A570] HTTP request seems to be malformed
31/10/2012 21:44:17 [ICHttp 0114A570] HTTP request seems to be malformed
31/10/2012 21:44:17 [ICHttp 0114A570] HTTP request seems to be malformed
31/10/2012 21:44:17 [ICHttp 0114A570] HTTP request seems to be malformed
31/10/2012 21:44:17 [ICHttp 0114A570] HTTP request seems to be malformed
31/10/2012 21:44:17 [ICHttp 0114A570] HTTP request seems to be malformed
31/10/2012 21:44:17 [ICHttp 0114A570] HTTP request seems to be malformed
31/10/2012 21:44:17 [ICHttp 0114A570] HTTP request seems to be malformed
31/10/2012 21:44:18 [ICHttp 0114A570] HTTP request seems to be malformed
31/10/2012 21:44:18 [ICHttp 0114A570] HTTP request seems to be malformed
31/10/2012 21:44:18 [ICHttp 0114A570] HTTP request seems to be malformed
31/10/2012 21:44:18 [ICHttp 0114A570] HTTP request seems to be malformed
31/10/2012 21:44:18 [ICHttp 0114A570] HTTP request seems to be malformed
31/10/2012 21:44:18 [ICHttp 0114A570] HTTP request seems to be malformed
31/10/2012 21:44:18 [ICHttp 0114A570] HTTP request seems to be malformed
31/10/2012 21:44:18 [ICHttp 0114A570] HTTP request seems to be malformed
31/10/2012 21:44:18 [ICHttp 0114A570] HTTP request seems to be malformed
31/10/2012 21:44:19 [ICHttp 0114A570] HTTP request seems to be malformed
31/10/2012 21:44:19 [ICHttp 0114A570] HTTP request seems to be malformed
31/10/2012 21:44:19 [ICHttp 0114A570] HTTP request seems to be malformed
31/10/2012 21:44:19 [ICHttp 0114A570] HTTP request seems to be malformed
31/10/2012 21:44:19 [ICHttp 0114A570] HTTP request seems to be malformed
31/10/2012 21:44:19 [ICHttp 0114A570] HTTP request seems to be malformed
31/10/2012 21:44:19 [ICHttp 0114A570] HTTP request seems to be malformed
31/10/2012 21:44:20 [ICHttp 0114A570] HTTP request seems to be malformed
31/10/2012 21:44:20 [ICHttp 0114A570] HTTP request seems to be malformed
31/10/2012 21:44:20 [ICHttp 0114A570] HTTP request seems to be malformed
31/10/2012 21:44:20 [ICHttp 0114A570] HTTP request seems to be malformed
31/10/2012 21:44:20 [ICHttp 0114A570] HTTP request seems to be malformed
31/10/2012 21:44:20 [ICHttp 0114A570] HTTP request seems to be malformed
31/10/2012 21:44:20 [ICHttp 0114A570] HTTP request seems to be malformed
31/10/2012 21:44:20 [ICHttp 0114A570] HTTP request seems to be malformed
31/10/2012 21:44:20 [ICHttp 0114A570] HTTP request seems to be malformed
31/10/2012 21:44:21 [ICHttp 0114A570] HTTP request seems to be malformed
31/10/2012 21:44:21 [ICHttp 0114A570] HTTP request seems to be malformed
31/10/2012 21:44:21 [ICHttp 0114A570] HTTP request seems to be malformed
31/10/2012 21:44:21 [ICHttp 0114A570] HTTP request seems to be malformed
31/10/2012 21:44:21 [ICHttp 0114A570] HTTP request seems to be malformed
31/10/2012 21:44:21 [ICHttp 0114A570] HTTP request seems to be malformed
31/10/2012 21:44:21 [ICHttp 0114A570] HTTP request seems to be malformed
31/10/2012 21:44:21 [ICHttp 0114A570] HTTP request seems to be malformed
31/10/2012 21:44:21 [ICHttp 0114A570] HTTP request seems to be malformed
31/10/2012 21:44:22 [ICHttp 0114A570] HTTP request seems to be malformed
31/10/2012 21:44:22 [ICHttp 0114A570] HTTP request seems to be malformed
31/10/2012 21:44:22 [ICHttp 0114A570] HTTP request seems to be malformed
31/10/2012 21:44:22 [ICHttp 0114A570] HTTP request seems to be malformed
31/10/2012 21:44:22 [ICHttp 0114A570] HTTP request seems to be malformed
31/10/2012 21:44:22 [ICHttp 0114A570] HTTP request seems to be malformed
31/10/2012 21:44:22 [ICHttp 0114A570] HTTP request seems to be malformed
31/10/2012 21:44:22 [ICHttp 0114A570] HTTP request seems to be malformed
31/10/2012 21:44:22 [ICHttp 0114A570] HTTP request seems to be malformed
31/10/2012 21:44:22 [ICHttp 0114A570] HTTP request seems to be malformed
31/10/2012 21:44:23 [ICHttp 0114A570] HTTP request seems to be malformed
31/10/2012 21:44:23 [ICHttp 0114A570] HTTP request seems to be malformed
31/10/2012 21:44:23 [ICHttp 0114A570] HTTP request seems to be malformed
31/10/2012 21:44:23 [ICHttp 0114A570] HTTP request seems to be malformed
31/10/2012 21:44:23 [ICHttp 0114A570] HTTP request seems to be malformed
31/10/2012 21:44:23 [ICHttp 0114A570] HTTP request seems to be malformed
31/10/2012 21:44:23 [ICHttp 0114A570] HTTP request seems to be malformed
31/10/2012 21:44:23 [ICHttp 0114A570] HTTP request seems to be malformed
31/10/2012 21:44:24 [ICHttp 0114A570] HTTP request seems to be malformed
31/10/2012 21:44:24 [ICHttp 0114A570] HTTP request seems to be malformed
31/10/2012 21:44:24 [ICHttp 0114A570] HTTP request seems to be malformed
31/10/2012 21:44:24 [ICHttp 0114A570] HTTP request seems to be malformed
31/10/2012 21:44:24 [ICHttp 0114A570] HTTP request seems to be malformed
31/10/2012 21:44:24 [ICHttp 0114A570] HTTP request seems to be malformed
31/10/2012 21:44:24 [ICHttp 0114A570] HTTP request seems to be malformed
31/10/2012 21:44:24 [ICHttp 0114A570] HTTP request seems to be malformed
31/10/2012 21:44:24 [ICHttp 0114A570] HTTP request seems to be malformed
31/10/2012 21:44:25 [ICHttp 0114A570] HTTP request seems to be malformed
31/10/2012 21:44:25 [ICHttp 0114A570] HTTP request seems to be malformed
31/10/2012 21:44:25 [ICHttp 0114A570] HTTP request seems to be malformed
31/10/2012 21:44:25 [ICHttp 0114A570] HTTP request seems to be malformed
31/10/2012 21:44:25 [ICHttp 0114A570] HTTP request seems to be malformed
31/10/2012 21:44:25 [ICHttp 0114A570] HTTP request seems to be malformed
31/10/2012 21:44:25 [ICHttp 0114A570] HTTP request seems to be malformed
31/10/2012 21:44:25 [ICHttp 0114A570] HTTP request seems to be malformed
31/10/2012 21:44:25 [ICHttp 0114A570] HTTP request seems to be malformed
31/10/2012 21:44:26 [ICHttp 0114A570] HTTP request seems to be malformed
31/10/2012 21:44:26 [ICHttp 0114A570] HTTP request seems to be malformed
31/10/2012 21:44:26 [ICHttp 0114A570] HTTP request seems to be malformed
31/10/2012 21:44:26 [ICHttp 0114A570] HTTP request seems to be malformed
31/10/2012 21:44:26 [ICHttp 0114A570] HTTP request seems to be malformed
31/10/2012 21:44:26 [ICHttp 0114A570] HTTP request seems to be malformed
31/10/2012 21:44:27 [ICHttp 0114A570] HTTP request seems to be malformed
31/10/2012 21:44:27 [ICHttp 0114A570] HTTP request seems to be malformed
31/10/2012 21:44:28 [ICHttp 0114A570] HTTP request seems to be malformed
31/10/2012 21:44:28 [ICHttp 0114A570] HTTP request seems to be malformed
31/10/2012 21:44:28 [ICHttp 0114A570] HTTP request seems to be malformed
31/10/2012 21:44:28 [ICHttp 0114A570] HTTP request seems to be malformed
31/10/2012 21:44:28 [ICHttp 0114A570] HTTP request seems to be malformed
31/10/2012 21:44:28 [ICHttp 0114A570] HTTP request seems to be malformed
31/10/2012 21:44:28 [ICHttp 0114A570] HTTP request seems to be malformed
31/10/2012 21:44:29 [ICHttp 0114A570] HTTP request seems to be malformed
31/10/2012 21:44:29 [ICHttp 0114A570] HTTP request seems to be malformed
31/10/2012 21:44:29 [ICHttp 0114A570] HTTP request seems to be malformed
31/10/2012 21:44:29 [ICHttp 0114A570] HTTP request seems to be malformed
31/10/2012 21:44:29 [ICHttp 0114A570] HTTP request seems to be malformed
31/10/2012 21:44:29 [ICHttp 0114A570] HTTP request seems to be malformed
31/10/2012 21:44:29 [ICHttp 0114A570] HTTP request seems to be malformed
31/10/2012 21:44:29 [ICHttp 0114A570] HTTP request seems to be malformed
31/10/2012 21:44:30 [ICHttp 0114A570] HTTP request seems to be malformed
31/10/2012 21:44:30 [ICHttp 0114A570] HTTP request seems to be malformed
31/10/2012 21:44:30 [ICHttp 0114A570] HTTP request seems to be malformed
31/10/2012 21:44:30 [ICHttp 0114A570] HTTP request seems to be malformed
31/10/2012 21:44:30 [ICHttp 0114A570] HTTP request seems to be malformed
31/10/2012 21:44:30 [ICHttp 0114A570] HTTP request seems to be malformed
31/10/2012 21:44:30 [ICHttp 0114A570] HTTP request seems to be malformed
31/10/2012 21:44:30 [ICHttp 0114A570] HTTP request seems to be malformed
31/10/2012 21:44:30 [ICHttp 0114A570] HTTP request seems to be malformed
31/10/2012 21:44:31 [ICHttp 0114A570] HTTP request seems to be malformed
31/10/2012 21:44:31 [ICHttp 0114A570] HTTP request seems to be malformed
31/10/2012 21:44:31 [ICHttp 0114A570] HTTP request seems to be malformed
31/10/2012 21:44:31 [ICHttp 0114A570] HTTP request seems to be malformed
31/10/2012 21:44:31 [ICHttp 0114A570] HTTP request seems to be malformed
31/10/2012 21:44:31 [ICHttp 0114A570] HTTP request seems to be malformed
31/10/2012 21:44:31 [ICHttp 0114A570] HTTP request seems to be malformed
31/10/2012 21:44:31 [ICHttp 0114A570] HTTP request seems to be malformed
31/10/2012 21:44:32 [ICHttp 0114A570] HTTP request seems to be malformed
31/10/2012 21:44:32 [ICHttp 0114A570] HTTP request seems to be malformed
31/10/2012 21:44:32 [ICHttp 0114A570] HTTP request seems to be malformed
31/10/2012 21:44:32 [ICHttp 0114A570] HTTP request seems to be malformed
31/10/2012 21:44:32 [ICHttp 0114A570] HTTP request seems to be malformed
31/10/2012 21:44:32 [ICHttp 0114A570] HTTP request seems to be malformed
31/10/2012 21:44:32 [ICHttp 0114A570] HTTP request seems to be malformed
31/10/2012 21:44:32 [ICHttp 0114A570] HTTP request seems to be malformed
31/10/2012 21:44:32 [ICHttp 0114A570] HTTP request seems to be malformed
31/10/2012 21:44:33 [ICHttp 0114A570] HTTP request seems to be malformed
31/10/2012 21:44:33 [ICHttp 0114A570] HTTP request seems to be malformed
31/10/2012 21:44:33 [ICHttp 0114A570] HTTP request seems to be malformed
31/10/2012 21:44:33 [ICHttp 0114A570] HTTP request seems to be malformed
31/10/2012 21:44:33 [ICHttp 0114A570] HTTP request seems to be malformed
31/10/2012 21:44:33 [ICHttp 0114A570] HTTP request seems to be malformed
31/10/2012 21:44:33 [ICHttp 0114A570] HTTP request seems to be malformed
31/10/2012 21:44:33 [ICHttp 0114A570] HTTP request seems to be malformed
31/10/2012 21:44:33 [ICHttp 0114A570] HTTP request seems to be malformed
31/10/2012 21:44:34 [ICHttp 0114A570] HTTP request seems to be malformed
31/10/2012 21:44:34 [ICHttp 0114A570] HTTP request seems to be malformed
31/10/2012 21:44:34 [ICHttp 0114A570] HTTP request seems to be malformed
31/10/2012 21:44:34 [ICHttp 0114A570] HTTP request seems to be malformed
31/10/2012 21:44:34 [ICHttp 0114A570] HTTP request seems to be malformed
31/10/2012 21:44:34 [ICHttp 0114A570] HTTP request seems to be malformed
31/10/2012 21:44:34 [ICHttp 0114A570] HTTP request seems to be malformed
31/10/2012 21:44:34 [ICHttp 0114A570] HTTP request seems to be malformed
31/10/2012 21:44:35 [ICHttp 0114A570] HTTP request seems to be malformed
31/10/2012 21:44:35 [ICHttp 0114A570] HTTP request seems to be malformed
31/10/2012 21:44:35 [ICHttp 0114A570] HTTP request seems to be malformed
31/10/2012 21:44:35 [ICHttp 0114A570] HTTP request seems to be malformed
31/10/2012 21:44:35 [ICHttp 0114A570] HTTP request seems to be malformed
31/10/2012 21:44:35 [ICHttp 0114A570] HTTP request seems to be malformed
31/10/2012 21:44:35 [ICHttp 0114A570] HTTP request seems to be malformed
31/10/2012 21:44:35 [ICHttp 0114A570] HTTP request seems to be malformed
31/10/2012 21:44:36 [ICHttp 0114A570] HTTP request seems to be malformed
31/10/2012 21:44:36 [ICHttp 0114A570] HTTP request seems to be malformed
31/10/2012 21:44:36 [ICHttp 0114A570] HTTP request seems to be malformed
31/10/2012 21:44:36 [ICHttp 0114A570] HTTP request seems to be malformed
31/10/2012 21:44:36 [ICHttp 0114A570] HTTP request seems to be malformed
31/10/2012 21:44:36 [ICHttp 0114A570] HTTP request seems to be malformed
31/10/2012 21:44:36 [ICHttp 0114A570] HTTP request seems to be malformed
31/10/2012 21:44:36 [ICHttp 0114A570] HTTP request seems to be malformed
31/10/2012 21:44:37 [ICHttp 0114A570] HTTP request seems to be malformed
31/10/2012 21:44:37 [ICHttp 0114A570] HTTP request seems to be malformed
31/10/2012 21:44:37 [ICHttp 0114A570] HTTP request seems to be malformed
31/10/2012 21:44:37 [ICHttp 0114A570] HTTP request seems to be malformed
31/10/2012 21:44:37 [ICHttp 0114A570] HTTP request seems to be malformed
31/10/2012 21:44:37 [ICHttp 0114A570] HTTP request seems to be malformed
31/10/2012 21:44:37 [ICHttp 0114A570] HTTP request seems to be malformed
31/10/2012 21:44:37 [ICHttp 0114A570] HTTP request seems to be malformed
31/10/2012 21:44:38 [ICHttp 0114A570] HTTP request seems to be malformed
31/10/2012 21:44:38 [ICHttp 0114A570] HTTP request seems to be malformed
31/10/2012 21:44:38 [ICHttp 0114A570] HTTP request seems to be malformed
31/10/2012 21:44:38 [ICHttp 0114A570] HTTP request seems to be malformed
31/10/2012 21:44:38 [ICHttp 0114A570] HTTP request seems to be malformed
31/10/2012 21:44:38 [ICHttp 0114A570] HTTP request seems to be malformed
31/10/2012 21:44:38 [ICHttp 0114A570] HTTP request seems to be malformed
31/10/2012 21:44:38 [ICHttp 0114A570] HTTP request seems to be malformed
31/10/2012 21:44:38 [ICHttp 0114A570] HTTP request seems to be malformed
31/10/2012 21:44:39 [ICHttp 0114A570] HTTP request seems to be malformed
31/10/2012 21:44:39 [ICHttp 0114A570] HTTP request seems to be malformed
31/10/2012 21:44:39 [ICHttp 0114A570] HTTP request seems to be malformed
31/10/2012 21:44:39 [ICHttp 0114A570] HTTP request seems to be malformed
31/10/2012 21:44:39 [ICHttp 0114A570] HTTP request seems to be malformed
31/10/2012 21:44:39 [ICHttp 0114A570] HTTP request seems to be malformed
31/10/2012 21:44:39 [ICHttp 0114A570] HTTP request seems to be malformed
31/10/2012 21:44:40 [ICHttp 0114A570] HTTP request seems to be malformed
31/10/2012 21:44:40 [ICHttp 0114A570] HTTP request seems to be malformed
31/10/2012 21:44:40 [ICHttp 0114A570] HTTP request seems to be malformed
31/10/2012 21:44:40 [ICHttp 0114A570] HTTP request seems to be malformed
31/10/2012 21:44:40 [ICHttp 0114A570] HTTP request seems to be malformed
31/10/2012 21:44:40 [ICHttp 0114A570] HTTP request seems to be malformed
31/10/2012 21:44:40 [ICHttp 0114A570] HTTP request seems to be malformed
31/10/2012 21:44:40 [ICHttp 0114A570] HTTP request seems to be malformed
31/10/2012 21:44:41 [ICHttp 0114A570] HTTP request seems to be malformed
31/10/2012 21:44:41 [ICHttp 0114A570] HTTP request seems to be malformed
31/10/2012 21:44:41 [ICHttp 0114A570] HTTP request seems to be malformed
31/10/2012 21:44:41 [ICHttp 0114A570] HTTP request seems to be malformed
31/10/2012 21:44:41 [ICHttp 0114A570] HTTP request seems to be malformed
31/10/2012 21:44:41 [ICHttp 0114A570] HTTP request seems to be malformed
31/10/2012 21:44:41 [ICHttp 0114A570] HTTP request seems to be malformed
31/10/2012 21:44:41 [ICHttp 0114A570] HTTP request seems to be malformed
31/10/2012 21:44:41 [ICHttp 0114A570] HTTP request seems to be malformed
31/10/2012 21:44:42 [ICHttp 0114A570] HTTP request seems to be malformed
31/10/2012 21:44:42 [ICHttp 0114A570] HTTP request seems to be malformed
31/10/2012 21:44:42 [ICHttp 0114A570] HTTP request seems to be malformed
31/10/2012 21:44:42 [ICHttp 0114A570] HTTP request seems to be malformed
31/10/2012 21:44:42 [ICHttp 0114A570] HTTP request seems to be malformed
31/10/2012 21:44:42 [ICHttp 0114A570] HTTP request seems to be malformed
31/10/2012 21:44:42 [ICHttp 0114A570] HTTP request seems to be malformed
31/10/2012 21:44:42 [ICHttp 0114A570] HTTP request seems to be malformed
31/10/2012 21:44:43 [ICHttp 0114A570] HTTP request seems to be malformed
31/10/2012 21:44:43 [ICHttp 0114A570] HTTP request seems to be malformed
31/10/2012 21:44:43 [ICHttp 0114A570] HTTP request seems to be malformed
31/10/2012 21:44:43 [ICHttp 0114A570] HTTP request seems to be malformed
31/10/2012 21:44:43 [ICHttp 0114A570] HTTP request seems to be malformed
31/10/2012 21:44:43 [ICHttp 0114A570] HTTP request seems to be malformed
31/10/2012 21:44:43 [ICHttp 0114A570] HTTP request seems to be malformed
31/10/2012 21:44:43 [ICHttp 0114A570] HTTP request seems to be malformed
31/10/2012 21:44:43 [ICHttp 0114A570] HTTP request seems to be malformed
31/10/2012 21:44:44 [ICHttp 0114A570] HTTP request seems to be malformed
31/10/2012 21:44:44 [ICHttp 0114A570] HTTP request seems to be malformed
31/10/2012 21:44:44 [ICHttp 0114A570] HTTP request seems to be malformed
31/10/2012 21:44:44 [ICHttp 0114A570] HTTP request seems to be malformed
31/10/2012 21:44:44 [ICHttp 0114A570] HTTP request seems to be malformed
31/10/2012 21:44:44 [ICHttp 0114A570] HTTP request seems to be malformed
31/10/2012 21:44:44 [ICHttp 0114A570] HTTP request seems to be malformed
31/10/2012 21:44:44 [ICHttp 0114A570] HTTP request seems to be malformed
31/10/2012 21:44:45 [ICHttp 0114A570] HTTP request seems to be malformed
31/10/2012 21:44:45 [ICHttp 0114A570] HTTP request seems to be malformed
31/10/2012 21:44:45 [ICHttp 0114A570] HTTP request seems to be malformed
31/10/2012 21:44:45 [ICHttp 0114A570] HTTP request seems to be malformed
31/10/2012 21:44:45 [ICHttp 0114A570] HTTP request seems to be malformed
31/10/2012 21:44:45 [ICHttp 0114A570] HTTP request seems to be malformed
31/10/2012 21:44:45 [ICHttp 0114A570] HTTP request seems to be malformed
31/10/2012 21:44:45 [ICHttp 0114A570] HTTP request seems to be malformed
31/10/2012 21:44:46 [ICHttp 0114A570] HTTP request seems to be malformed
31/10/2012 21:44:46 [ICHttp 0114A570] HTTP request seems to be malformed
31/10/2012 21:44:46 [ICHttp 0114A570] HTTP request seems to be malformed
31/10/2012 21:44:46 [ICHttp 0114A570] HTTP request seems to be malformed
31/10/2012 21:44:46 [ICHttp 0114A570] HTTP request seems to be malformed
31/10/2012 21:44:46 [ICHttp 0114A570] HTTP request seems to be malformed
31/10/2012 21:44:46 [ICHttp 0114A570] HTTP request seems to be malformed
31/10/2012 21:44:46 [ICHttp 0114A570] HTTP request seems to be malformed
31/10/2012 21:44:47 [ICHttp 0114A570] HTTP request seems to be malformed
31/10/2012 21:44:47 [ICHttp 0114A570] HTTP request seems to be malformed
31/10/2012 21:44:47 [ICHttp 0114A570] HTTP request seems to be malformed
31/10/2012 21:44:47 [ICHttp 0114A570] HTTP request seems to be malformed
31/10/2012 21:44:47 [ICHttp 0114A570] HTTP request seems to be malformed
31/10/2012 21:44:47 [ICHttp 0114A570] HTTP request seems to be malformed
31/10/2012 21:44:47 [ICHttp 0114A570] HTTP request seems to be malformed
31/10/2012 21:44:47 [ICHttp 0114A570] HTTP request seems to be malformed
31/10/2012 21:44:48 [ICHttp 0114A570] HTTP request seems to be malformed
31/10/2012 21:44:48 [ICHttp 0114A570] HTTP request seems to be malformed
31/10/2012 21:44:48 [ICHttp 0114A570] HTTP request seems to be malformed
31/10/2012 21:44:48 [ICHttp 0114A570] HTTP request seems to be malformed
31/10/2012 21:44:48 [ICHttp 0114A570] HTTP request seems to be malformed
31/10/2012 21:44:48 [ICHttp 0114A570] HTTP request seems to be malformed
31/10/2012 21:44:48 [ICHttp 0114A570] HTTP request seems to be malformed
31/10/2012 21:44:48 [ICHttp 0114A570] HTTP request seems to be malformed
31/10/2012 21:44:49 [ICHttp 0114A570] HTTP request seems to be malformed
31/10/2012 21:44:49 [ICHttp 0114A570] HTTP request seems to be malformed
31/10/2012 21:44:49 [ICHttp 0114A570] HTTP request seems to be malformed
31/10/2012 21:44:49 [ICHttp 0114A570] HTTP request seems to be malformed
31/10/2012 21:44:58 [ICHttp 0114A570] HTTP request seems to be malformed
31/10/2012 21:44:58 [ICHttp 0114A570] HTTP request seems to be malformed
08/11/2012 13:46:27 [ICEngine 001CB9C0] Test DMA Copy Begin...
08/11/2012 13:46:28 [ICEngine 001CB9C0] Test DMA Copy End!
08/11/2012 13:46:30 [ICEngine 001CB9C0] Engine Srart! (is not error!)
08/11/2012 13:47:50 [ICH264 01151088] Error! bad CODEC fourcc!
08/11/2012 13:48:14 [ICHttp 0114A590] HTTP request seems to be malformed
08/11/2012 13:48:14 [ICHttp 0114A590] HTTP request seems to be malformed
08/11/2012 13:48:14 [ICHttp 0114A590] HTTP request seems to be malformed
08/11/2012 13:48:15 [ICHttp 0114A590] HTTP request seems to be malformed
08/11/2012 13:48:15 [ICHttp 0114A590] HTTP request seems to be malformed
08/11/2012 13:48:15 [ICHttp 0114A590] HTTP request seems to be malformed
08/11/2012 13:48:15 [ICHttp 0114A590] HTTP request seems to be malformed
08/11/2012 13:48:16 [ICHttp 0114A590] HTTP request seems to be malformed
08/11/2012 13:48:16 [ICHttp 0114A590] HTTP request seems to be malformed
08/11/2012 13:48:16 [ICHttp 0114A590] HTTP request seems to be malformed
08/11/2012 13:48:16 [ICHttp 0114A590] HTTP request seems to be malformed
08/11/2012 13:48:17 [ICHttp 0114A590] HTTP request seems to be malformed
08/11/2012 13:48:17 [ICHttp 0114A590] HTTP request seems to be malformed
08/11/2012 13:48:17 [ICHttp 0114A590] HTTP request seems to be malformed
08/11/2012 13:48:18 [ICHttp 0114A590] HTTP request seems to be malformed
08/11/2012 13:48:18 [ICHttp 0114A590] HTTP request seems to be malformed
08/11/2012 13:48:18 [ICHttp 0114A590] HTTP request seems to be malformed
08/11/2012 13:48:18 [ICHttp 0114A590] HTTP request seems to be malformed
08/11/2012 13:48:18 [ICHttp 0114A590] HTTP request seems to be malformed
08/11/2012 13:48:18 [ICHttp 0114A590] HTTP request seems to be malformed
08/11/2012 13:48:18 [ICHttp 0114A590] HTTP request seems to be malformed
08/11/2012 13:48:19 [ICHttp 0114A590] HTTP request seems to be malformed
08/11/2012 13:48:19 [ICHttp 0114A590] HTTP request seems to be malformed
08/11/2012 13:48:19 [ICHttp 0114A590] HTTP request seems to be malformed
08/11/2012 13:48:19 [ICHttp 0114A590] HTTP request seems to be malformed
08/11/2012 13:48:19 [ICHttp 0114A590] HTTP request seems to be malformed
08/11/2012 13:48:20 [ICHttp 0114A590] HTTP request seems to be malformed
08/11/2012 13:48:20 [ICHttp 0114A590] HTTP request seems to be malformed
08/11/2012 13:48:20 [ICHttp 0114A590] HTTP request seems to be malformed
08/11/2012 13:48:20 [ICHttp 0114A590] HTTP request seems to be malformed
08/11/2012 13:48:20 [ICHttp 0114A590] HTTP request seems to be malformed
08/11/2012 13:48:20 [ICHttp 0114A590] HTTP request seems to be malformed
08/11/2012 13:48:20 [ICHttp 0114A590] HTTP request seems to be malformed
08/11/2012 13:48:21 [ICHttp 0114A590] HTTP request seems to be malformed
08/11/2012 13:48:21 [ICHttp 0114A590] HTTP request seems to be malformed
08/11/2012 13:48:21 [ICHttp 0114A590] HTTP request seems to be malformed
08/11/2012 13:48:21 [ICHttp 0114A590] HTTP request seems to be malformed
08/11/2012 13:48:22 [ICHttp 0114A590] HTTP request seems to be malformed
08/11/2012 13:48:22 [ICHttp 0114A590] HTTP request seems to be malformed
08/11/2012 13:48:22 [ICHttp 0114A590] HTTP request seems to be malformed
08/11/2012 13:48:22 [ICHttp 0114A590] HTTP request seems to be malformed
08/11/2012 13:48:23 [ICHttp 0114A590] HTTP request seems to be malformed
08/11/2012 13:48:23 [ICHttp 0114A590] HTTP request seems to be malformed
08/11/2012 13:48:23 [ICHttp 0114A590] HTTP request seems to be malformed
08/11/2012 20:41:55 [ICEngine 001CB9C0] Test DMA Copy Begin...
08/11/2012 20:41:55 [ICEngine 001CB9C0] Test DMA Copy End!
08/11/2012 20:41:57 [ICEngine 001CB9C0] Engine Srart! (is not error!)
08/11/2012 20:42:53 [ICH264 0114F878] Error! bad CODEC fourcc!
08/11/2012 20:45:25 [ICUpdateService 01166C70] Checksum failed!
08/11/2012 20:45:34 [ICH264 0114F878] Error! bad CODEC fourcc!
08/11/2012 20:45:35 [ICTransformWorker 01167650] ::SaveConfig() Error! GetInfo() 'ICWatchDog' failed!
12/11/2012 15:08:39 [ICEngine 001CB9C0] Test DMA Copy Begin...
12/11/2012 15:08:39 [ICEngine 001CB9C0] Test DMA Copy End!
12/11/2012 15:08:40 [ICEngine 001CB9C0] Engine Srart! (is not error!)
12/11/2012 15:09:03 [ICH264 0114F738] Error! bad CODEC fourcc!
12/11/2012 15:11:19 [ICEngine 001D1608] Test DMA Copy Begin...
12/11/2012 15:11:19 [ICEngine 001D1608] Test DMA Copy End!
12/11/2012 15:11:19 [ICEngine 001D1608] Engine Srart! (is not error!)
12/11/2012 15:11:29 [ICH264 00FCE430] Error! bad CODEC fourcc!
12/11/2012 15:13:16 [ICEngine 001D1608] Test DMA Copy Begin...
12/11/2012 15:13:16 [ICEngine 001D1608] Test DMA Copy End!
12/11/2012 15:13:17 [ICEngine 001D1608] Engine Srart! (is not error!)
12/11/2012 15:13:26 [ICH264 00FCE438] Error! bad CODEC fourcc!
